<?xml version="1.0" encoding="UTF-8"?>
<testsuite name="BasicsTest" tests="5" skipped="0" failures="0" errors="0" timestamp="2022-10-10T02:05:59" hostname="Kentos-MacBook-Pro.local" time="0.011">
  <properties/>
  <testcase name="testTask1" classname="BasicsTest" time="0.008"/>
  <testcase name="testTask2" classname="BasicsTest" time="0.0"/>
  <testcase name="testTask3" classname="BasicsTest" time="0.001"/>
  <testcase name="testTask4" classname="BasicsTest" time="0.0"/>
  <testcase name="testTask5" classname="BasicsTest" time="0.0"/>
  <system-out><![CDATA[]]></system-out>
  <system-err><![CDATA[]]></system-err>
</testsuite>
